# JRE version: OpenJDK Runtime Environment Temurin-17.0.16+8 (17.0.16+8) (build 17.0.16+8)
# Java VM: OpenJDK 64-Bit Server VM Temurin-17.0.16+8 (17.0.16+8, mixed mode, sharing, tiered, compressed oops, compressed class ptrs, g1 gc, windows-amd64)
GC Precious Log:
 CPUs: 16 total, 16 available
 Memory: 16024M
 Large Page Support: Disabled
 NUMA Support: Disabled
 Compressed Oops: Enabled (32-bit)
 Heap Region Size: 1M
 Heap Min Capacity: 8M
 Heap Initial Capacity: 252M
 Heap Max Capacity: 2G
 Pre-touch: Disabled
 Parallel Workers: 13
 Concurrent Workers: 3
 Concurrent Refinement Workers: 13
 Periodic GC: Disabled
Heap:
 garbage-first heap   total 143360K, used 75907K [0x0000000080000000, 0x0000000100000000)
  region size 1024K, 1 young (1024K), 1 survivors (1024K)
 Metaspace       used 87985K, committed 88768K, reserved 1179648K
  class space    used 11731K, committed 12096K, reserved 1048576K
GC Heap History (20 events):
Event: 17.071 GC heap after
{Heap after GC invocations=26 (full 0):
 garbage-first heap   total 135168K, used 66331K [0x0000000080000000, 0x0000000100000000)
  region size 1024K, 3 young (3072K), 3 survivors (3072K)
 Metaspace       used 68206K, committed 68864K, reserved 1114112K
  class space    used 9521K, committed 9792K, reserved 1048576K
}
Event: 17.091 GC heap before
{Heap before GC invocations=26 (full 0):
 garbage-first heap   total 135168K, used 69403K [0x0000000080000000, 0x0000000100000000)
  region size 1024K, 6 young (6144K), 3 survivors (3072K)
 Metaspace       used 68467K, committed 69056K, reserved 1114112K
  class space    used 9552K, committed 9792K, reserved 1048576K
}
Event: 17.092 GC heap after
{Heap after GC invocations=27 (full 0):
 garbage-first heap   total 135168K, used 64723K [0x0000000080000000, 0x0000000100000000)
  region size 1024K, 1 young (1024K), 1 survivors (1024K)
 Metaspace       used 68467K, committed 69056K, reserved 1114112K
  class space    used 9552K, committed 9792K, reserved 1048576K
}
Event: 17.335 GC heap before
{Heap before GC invocations=27 (full 0):
 garbage-first heap   total 135168K, used 101587K [0x0000000080000000, 0x0000000100000000)
  region size 1024K, 37 young (37888K), 1 survivors (1024K)
 Metaspace       used 72820K, committed 73408K, reserved 1114112K
  class space    used 9920K, committed 10176K, reserved 1048576K
}
Event: 17.337 GC heap after
{Heap after GC invocations=28 (full 0):
 garbage-first heap   total 135168K, used 66496K [0x0000000080000000, 0x0000000100000000)
  region size 1024K, 3 young (3072K), 3 survivors (3072K)
 Metaspace       used 72820K, committed 73408K, reserved 1114112K
  class space    used 9920K, committed 10176K, reserved 1048576K
}
Event: 17.686 GC heap before
{Heap before GC invocations=29 (full 0):
 garbage-first heap   total 135168K, used 103360K [0x0000000080000000, 0x0000000100000000)
  region size 1024K, 39 young (39936K), 3 survivors (3072K)
 Metaspace       used 76888K, committed 77632K, reserved 1179648K
  class space    used 10431K, committed 10752K, reserved 1048576K
}
Event: 17.688 GC heap after
{Heap after GC invocations=30 (full 0):
 garbage-first heap   total 135168K, used 69065K [0x0000000080000000, 0x0000000100000000)
  region size 1024K, 5 young (5120K), 5 survivors (5120K)
 Metaspace       used 76888K, committed 77632K, reserved 1179648K
  class space    used 10431K, committed 10752K, reserved 1048576K
}
Event: 17.696 GC heap before
{Heap before GC invocations=30 (full 0):
 garbage-first heap   total 135168K, used 70089K [0x0000000080000000, 0x0000000100000000)
  region size 1024K, 6 young (6144K), 5 survivors (5120K)
 Metaspace       used 77076K, committed 77760K, reserved 1179648K
  class space    used 10451K, committed 10752K, reserved 1048576K
}
Event: 17.698 GC heap after
{Heap after GC invocations=31 (full 0):
 garbage-first heap   total 135168K, used 68698K [0x0000000080000000, 0x0000000100000000)
  region size 1024K, 1 young (1024K), 1 survivors (1024K)
 Metaspace       used 77076K, committed 77760K, reserved 1179648K
  class space    used 10451K, committed 10752K, reserved 1048576K
}
Event: 17.873 GC heap before
{Heap before GC invocations=31 (full 0):
 garbage-first heap   total 135168K, used 89178K [0x0000000080000000, 0x0000000100000000)
  region size 1024K, 22 young (22528K), 1 survivors (1024K)
 Metaspace       used 80050K, committed 80768K, reserved 1179648K
  class space    used 10860K, committed 11200K, reserved 1048576K
}
Event: 17.875 GC heap after
{Heap after GC invocations=32 (full 0):
 garbage-first heap   total 135168K, used 69279K [0x0000000080000000, 0x0000000100000000)
  region size 1024K, 2 young (2048K), 2 survivors (2048K)
 Metaspace       used 80050K, committed 80768K, reserved 1179648K
  class space    used 10860K, committed 11200K, reserved 1048576K
}
Event: 18.223 GC heap before
{Heap before GC invocations=33 (full 0):
 garbage-first heap   total 135168K, used 108191K [0x0000000080000000, 0x0000000100000000)
  region size 1024K, 39 young (39936K), 2 survivors (2048K)
 Metaspace       used 81397K, committed 82048K, reserved 1179648K
  class space    used 11018K, committed 11328K, reserved 1048576K
}
Event: 18.225 GC heap after
{Heap after GC invocations=34 (full 0):
 garbage-first heap   total 135168K, used 71487K [0x0000000080000000, 0x0000000100000000)
  region size 1024K, 4 young (4096K), 4 survivors (4096K)
 Metaspace       used 81397K, committed 82048K, reserved 1179648K
  class space    used 11018K, committed 11328K, reserved 1048576K
}
Event: 18.236 GC heap before
{Heap before GC invocations=34 (full 0):
 garbage-first heap   total 135168K, used 72511K [0x0000000080000000, 0x0000000100000000)
  region size 1024K, 6 young (6144K), 4 survivors (4096K)
 Metaspace       used 81631K, committed 82368K, reserved 1179648K
  class space    used 11039K, committed 11392K, reserved 1048576K
}
Event: 18.238 GC heap after
{Heap after GC invocations=35 (full 0):
 garbage-first heap   total 135168K, used 70974K [0x0000000080000000, 0x0000000100000000)
  region size 1024K, 1 young (1024K), 1 survivors (1024K)
 Metaspace       used 81631K, committed 82368K, reserved 1179648K
  class space    used 11039K, committed 11392K, reserved 1048576K
}
Event: 18.641 GC heap before
{Heap before GC invocations=35 (full 0):
 garbage-first heap   total 135168K, used 107838K [0x0000000080000000, 0x0000000100000000)
  region size 1024K, 37 young (37888K), 1 survivors (1024K)
 Metaspace       used 83558K, committed 84224K, reserved 1179648K
  class space    used 11236K, committed 11584K, reserved 1048576K
}
Event: 18.645 GC heap after
{Heap after GC invocations=36 (full 0):
 garbage-first heap   total 135168K, used 73943K [0x0000000080000000, 0x0000000100000000)
  region size 1024K, 4 young (4096K), 4 survivors (4096K)
 Metaspace       used 83558K, committed 84224K, reserved 1179648K
  class space    used 11236K, committed 11584K, reserved 1048576K
}
Event: 18.999 GC heap before
{Heap before GC invocations=37 (full 0):
 garbage-first heap   total 135168K, used 108759K [0x0000000080000000, 0x0000000100000000)
  region size 1024K, 38 young (38912K), 4 survivors (4096K)
 Metaspace       used 87570K, committed 88320K, reserved 1179648K
  class space    used 11682K, committed 12032K, reserved 1048576K
}
Event: 19.004 GC heap after
{Heap after GC invocations=38 (full 0):
 garbage-first heap   total 135168K, used 75804K [0x0000000080000000, 0x0000000100000000)
  region size 1024K, 2 young (2048K), 2 survivors (2048K)
 Metaspace       used 87570K, committed 88320K, reserved 1179648K
  class space    used 11682K, committed 12032K, reserved 1048576K
}
Event: 19.061 GC heap before
{Heap before GC invocations=38 (full 0):
 garbage-first heap   total 135168K, used 79900K [0x0000000080000000, 0x0000000100000000)
  region size 1024K, 6 young (6144K), 2 survivors (2048K)
 Metaspace       used 87985K, committed 88768K, reserved 1179648K
  class space    used 11731K, committed 12096K, reserved 1048576K
}

